{"/Users/muhammadmuttaki/Desktop/team-management/adding-page/src/App.js": {"path":"/Users/muhammadmuttaki/Desktop/team-management/adding-page/src/App.js","statementMap":{"0":{"start":{"line":4,"column":12},"end":{"line":10,"column":1}},"1":{"start":{"line":5,"column":2},"end":{"line":9,"column":4}}},"fnMap":{"0":{"name":"(anonymous_0)","decl":{"start":{"line":4,"column":12},"end":{"line":4,"column":13}},"loc":{"start":{"line":4,"column":18},"end":{"line":10,"column":1}},"line":4}},"branchMap":{},"s":{"0":0,"1":0},"f":{"0":0},"b":{}}
,"/Users/muhammadmuttaki/Desktop/team-management/adding-page/src/index.js": {"path":"/Users/muhammadmuttaki/Desktop/team-management/adding-page/src/index.js","statementMap":{"0":{"start":{"line":6,"column":13},"end":{"line":6,"column":65}},"1":{"start":{"line":7,"column":0},"end":{"line":11,"column":2}}},"fnMap":{},"branchMap":{},"s":{"0":0,"1":0},"f":{},"b":{}}
,"/Users/muhammadmuttaki/Desktop/team-management/adding-page/src/component/AddTeamMember.js": {"path":"/Users/muhammadmuttaki/Desktop/team-management/adding-page/src/component/AddTeamMember.js","statementMap":{"0":{"start":{"line":4,"column":22},"end":{"line":230,"column":1}},"1":{"start":{"line":5,"column":38},"end":{"line":11,"column":4}},"2":{"start":{"line":13,"column":30},"end":{"line":13,"column":42}},"3":{"start":{"line":14,"column":40},"end":{"line":14,"column":55}},"4":{"start":{"line":16,"column":28},"end":{"line":31,"column":3}},"5":{"start":{"line":17,"column":28},"end":{"line":17,"column":36}},"6":{"start":{"line":19,"column":4},"end":{"line":22,"column":7}},"7":{"start":{"line":25,"column":4},"end":{"line":30,"column":5}},"8":{"start":{"line":26,"column":6},"end":{"line":29,"column":9}},"9":{"start":{"line":34,"column":24},"end":{"line":58,"column":3}},"10":{"start":{"line":35,"column":21},"end":{"line":35,"column":23}},"11":{"start":{"line":38,"column":4},"end":{"line":40,"column":5}},"12":{"start":{"line":39,"column":6},"end":{"line":39,"column":55}},"13":{"start":{"line":41,"column":4},"end":{"line":43,"column":5}},"14":{"start":{"line":42,"column":6},"end":{"line":42,"column":53}},"15":{"start":{"line":44,"column":4},"end":{"line":50,"column":5}},"16":{"start":{"line":45,"column":6},"end":{"line":45,"column":46}},"17":{"start":{"line":46,"column":11},"end":{"line":50,"column":5}},"18":{"start":{"line":49,"column":6},"end":{"line":49,"column":50}},"19":{"start":{"line":51,"column":4},"end":{"line":53,"column":5}},"20":{"start":{"line":52,"column":6},"end":{"line":52,"column":53}},"21":{"start":{"line":54,"column":4},"end":{"line":54,"column":26}},"22":{"start":{"line":57,"column":4},"end":{"line":57,"column":48}},"23":{"start":{"line":61,"column":27},"end":{"line":66,"column":3}},"24":{"start":{"line":62,"column":4},"end":{"line":65,"column":7}},"25":{"start":{"line":68,"column":23},"end":{"line":87,"column":3}},"26":{"start":{"line":69,"column":4},"end":{"line":86,"column":5}},"27":{"start":{"line":70,"column":6},"end":{"line":70,"column":49}},"28":{"start":{"line":71,"column":21},"end":{"line":71,"column":67}},"29":{"start":{"line":72,"column":6},"end":{"line":85,"column":7}},"30":{"start":{"line":73,"column":25},"end":{"line":73,"column":55}},"31":{"start":{"line":74,"column":8},"end":{"line":74,"column":29}},"32":{"start":{"line":76,"column":8},"end":{"line":82,"column":11}},"33":{"start":{"line":84,"column":8},"end":{"line":84,"column":68}},"34":{"start":{"line":90,"column":21},"end":{"line":92,"column":3}},"35":{"start":{"line":91,"column":4},"end":{"line":91,"column":26}},"36":{"start":{"line":94,"column":2},"end":{"line":229,"column":4}}},"fnMap":{"0":{"name":"(anonymous_0)","decl":{"start":{"line":4,"column":22},"end":{"line":4,"column":23}},"loc":{"start":{"line":4,"column":28},"end":{"line":230,"column":1}},"line":4},"1":{"name":"(anonymous_1)","decl":{"start":{"line":16,"column":28},"end":{"line":16,"column":29}},"loc":{"start":{"line":16,"column":35},"end":{"line":31,"column":3}},"line":16},"2":{"name":"(anonymous_2)","decl":{"start":{"line":34,"column":24},"end":{"line":34,"column":25}},"loc":{"start":{"line":34,"column":30},"end":{"line":58,"column":3}},"line":34},"3":{"name":"(anonymous_3)","decl":{"start":{"line":61,"column":27},"end":{"line":61,"column":28}},"loc":{"start":{"line":61,"column":34},"end":{"line":66,"column":3}},"line":61},"4":{"name":"(anonymous_4)","decl":{"start":{"line":68,"column":23},"end":{"line":68,"column":24}},"loc":{"start":{"line":68,"column":35},"end":{"line":87,"column":3}},"line":68},"5":{"name":"(anonymous_5)","decl":{"start":{"line":90,"column":21},"end":{"line":90,"column":22}},"loc":{"start":{"line":90,"column":27},"end":{"line":92,"column":3}},"line":90}},"branchMap":{"0":{"loc":{"start":{"line":25,"column":4},"end":{"line":30,"column":5}},"type":"if","locations":[{"start":{"line":25,"column":4},"end":{"line":30,"column":5}},{"start":{},"end":{}}],"line":25},"1":{"loc":{"start":{"line":38,"column":4},"end":{"line":40,"column":5}},"type":"if","locations":[{"start":{"line":38,"column":4},"end":{"line":40,"column":5}},{"start":{},"end":{}}],"line":38},"2":{"loc":{"start":{"line":41,"column":4},"end":{"line":43,"column":5}},"type":"if","locations":[{"start":{"line":41,"column":4},"end":{"line":43,"column":5}},{"start":{},"end":{}}],"line":41},"3":{"loc":{"start":{"line":44,"column":4},"end":{"line":50,"column":5}},"type":"if","locations":[{"start":{"line":44,"column":4},"end":{"line":50,"column":5}},{"start":{"line":46,"column":11},"end":{"line":50,"column":5}}],"line":44},"4":{"loc":{"start":{"line":46,"column":11},"end":{"line":50,"column":5}},"type":"if","locations":[{"start":{"line":46,"column":11},"end":{"line":50,"column":5}},{"start":{},"end":{}}],"line":46},"5":{"loc":{"start":{"line":51,"column":4},"end":{"line":53,"column":5}},"type":"if","locations":[{"start":{"line":51,"column":4},"end":{"line":53,"column":5}},{"start":{},"end":{}}],"line":51},"6":{"loc":{"start":{"line":69,"column":4},"end":{"line":86,"column":5}},"type":"if","locations":[{"start":{"line":69,"column":4},"end":{"line":86,"column":5}},{"start":{},"end":{}}],"line":69},"7":{"loc":{"start":{"line":107,"column":14},"end":{"line":109,"column":35}},"type":"cond-expr","locations":[{"start":{"line":108,"column":18},"end":{"line":108,"column":53}},{"start":{"line":109,"column":18},"end":{"line":109,"column":35}}],"line":107},"8":{"loc":{"start":{"line":118,"column":11},"end":{"line":120,"column":11}},"type":"binary-expr","locations":[{"start":{"line":118,"column":11},"end":{"line":118,"column":27}},{"start":{"line":119,"column":12},"end":{"line":119,"column":77}}],"line":118},"9":{"loc":{"start":{"line":125,"column":14},"end":{"line":127,"column":35}},"type":"cond-expr","locations":[{"start":{"line":126,"column":18},"end":{"line":126,"column":53}},{"start":{"line":127,"column":18},"end":{"line":127,"column":35}}],"line":125},"10":{"loc":{"start":{"line":136,"column":11},"end":{"line":138,"column":11}},"type":"binary-expr","locations":[{"start":{"line":136,"column":11},"end":{"line":136,"column":26}},{"start":{"line":137,"column":12},"end":{"line":137,"column":76}}],"line":136},"11":{"loc":{"start":{"line":143,"column":14},"end":{"line":145,"column":35}},"type":"cond-expr","locations":[{"start":{"line":144,"column":18},"end":{"line":144,"column":53}},{"start":{"line":145,"column":18},"end":{"line":145,"column":35}}],"line":143},"12":{"loc":{"start":{"line":154,"column":11},"end":{"line":156,"column":11}},"type":"binary-expr","locations":[{"start":{"line":154,"column":11},"end":{"line":154,"column":23}},{"start":{"line":155,"column":12},"end":{"line":155,"column":73}}],"line":154},"13":{"loc":{"start":{"line":161,"column":14},"end":{"line":163,"column":35}},"type":"cond-expr","locations":[{"start":{"line":162,"column":18},"end":{"line":162,"column":53}},{"start":{"line":163,"column":18},"end":{"line":163,"column":35}}],"line":161},"14":{"loc":{"start":{"line":172,"column":11},"end":{"line":174,"column":11}},"type":"binary-expr","locations":[{"start":{"line":172,"column":11},"end":{"line":172,"column":23}},{"start":{"line":173,"column":12},"end":{"line":173,"column":73}}],"line":172},"15":{"loc":{"start":{"line":190,"column":16},"end":{"line":192,"column":35}},"type":"cond-expr","locations":[{"start":{"line":191,"column":20},"end":{"line":191,"column":35}},{"start":{"line":192,"column":20},"end":{"line":192,"column":35}}],"line":190},"16":{"loc":{"start":{"line":210,"column":16},"end":{"line":210,"column":79}},"type":"cond-expr","locations":[{"start":{"line":210,"column":46},"end":{"line":210,"column":61}},{"start":{"line":210,"column":64},"end":{"line":210,"column":79}}],"line":210}},"s":{"0":1,"1":9,"2":9,"3":9,"4":9,"5":4,"6":4,"7":4,"8":0,"9":9,"10":2,"11":2,"12":1,"13":2,"14":1,"15":2,"16":1,"17":1,"18":0,"19":2,"20":1,"21":2,"22":2,"23":9,"24":0,"25":9,"26":2,"27":1,"28":1,"29":1,"30":1,"31":1,"32":1,"33":0,"34":9,"35":0,"36":9},"f":{"0":9,"1":4,"2":2,"3":0,"4":2,"5":0},"b":{"0":[0,4],"1":[1,1],"2":[1,1],"3":[1,1],"4":[0,1],"5":[1,1],"6":[1,1],"7":[1,8],"8":[9,1],"9":[1,8],"10":[9,1],"11":[1,8],"12":[9,1],"13":[1,8],"14":[9,1],"15":[9,0],"16":[0,9]},"_coverageSchema":"1a1c01bbd47fc00a2c39e90264f33305004495a9","hash":"426f5f3dd997cb4cc8d9957e21967c5ca4360cd2"}
,"/Users/muhammadmuttaki/Desktop/team-management/adding-page/src/component/ConfirmationModal.js": {"path":"/Users/muhammadmuttaki/Desktop/team-management/adding-page/src/component/ConfirmationModal.js","statementMap":{"0":{"start":{"line":3,"column":26},"end":{"line":25,"column":1}},"1":{"start":{"line":4,"column":2},"end":{"line":4,"column":27}},"2":{"start":{"line":4,"column":15},"end":{"line":4,"column":27}},"3":{"start":{"line":6,"column":2},"end":{"line":24,"column":4}}},"fnMap":{"0":{"name":"(anonymous_0)","decl":{"start":{"line":3,"column":26},"end":{"line":3,"column":27}},"loc":{"start":{"line":3,"column":61},"end":{"line":25,"column":1}},"line":3}},"branchMap":{"0":{"loc":{"start":{"line":4,"column":2},"end":{"line":4,"column":27}},"type":"if","locations":[{"start":{"line":4,"column":2},"end":{"line":4,"column":27}},{"start":{},"end":{}}],"line":4}},"s":{"0":1,"1":9,"2":8,"3":1},"f":{"0":9},"b":{"0":[8,1]},"_coverageSchema":"1a1c01bbd47fc00a2c39e90264f33305004495a9","hash":"9e2fcc016d8914a1c6b86e9dd0b213acdd0d4c99"}
}
