TN:
SF:src/App.js
FN:4,(anonymous_0)
FNF:1
FNH:0
FNDA:0,(anonymous_0)
DA:4,0
DA:5,0
LF:2
LH:0
BRF:0
BRH:0
end_of_record
TN:
SF:src/index.js
FNF:0
FNH:0
DA:6,0
DA:7,0
LF:2
LH:0
BRF:0
BRH:0
end_of_record
TN:
SF:src/component/AddTeamMember.js
FN:4,(anonymous_0)
FN:16,(anonymous_1)
FN:34,(anonymous_2)
FN:61,(anonymous_3)
FN:68,(anonymous_4)
FN:90,(anonymous_5)
FNF:6
FNH:4
FNDA:9,(anonymous_0)
FNDA:4,(anonymous_1)
FNDA:2,(anonymous_2)
FNDA:0,(anonymous_3)
FNDA:2,(anonymous_4)
FNDA:0,(anonymous_5)
DA:4,1
DA:5,9
DA:13,9
DA:14,9
DA:16,9
DA:17,4
DA:19,4
DA:25,4
DA:26,0
DA:34,9
DA:35,2
DA:38,2
DA:39,1
DA:41,2
DA:42,1
DA:44,2
DA:45,1
DA:46,1
DA:49,0
DA:51,2
DA:52,1
DA:54,2
DA:57,2
DA:61,9
DA:62,0
DA:68,9
DA:69,2
DA:70,1
DA:71,1
DA:72,1
DA:73,1
DA:74,1
DA:76,1
DA:84,0
DA:90,9
DA:91,0
DA:94,9
LF:37
LH:32
BRDA:25,0,0,0
BRDA:25,0,1,4
BRDA:38,1,0,1
BRDA:38,1,1,1
BRDA:41,2,0,1
BRDA:41,2,1,1
BRDA:44,3,0,1
BRDA:44,3,1,1
BRDA:46,4,0,0
BRDA:46,4,1,1
BRDA:51,5,0,1
BRDA:51,5,1,1
BRDA:69,6,0,1
BRDA:69,6,1,1
BRDA:107,7,0,1
BRDA:107,7,1,8
BRDA:118,8,0,9
BRDA:118,8,1,1
BRDA:125,9,0,1
BRDA:125,9,1,8
BRDA:136,10,0,9
BRDA:136,10,1,1
BRDA:143,11,0,1
BRDA:143,11,1,8
BRDA:154,12,0,9
BRDA:154,12,1,1
BRDA:161,13,0,1
BRDA:161,13,1,8
BRDA:172,14,0,9
BRDA:172,14,1,1
BRDA:190,15,0,9
BRDA:190,15,1,0
BRDA:210,16,0,0
BRDA:210,16,1,9
BRF:34
BRH:30
end_of_record
TN:
SF:src/component/ConfirmationModal.js
FN:3,(anonymous_0)
FNF:1
FNH:1
FNDA:9,(anonymous_0)
DA:3,1
DA:4,9
DA:6,1
LF:3
LH:3
BRDA:4,0,0,8
BRDA:4,0,1,1
BRF:2
BRH:2
end_of_record
