<?xml version="1.0" encoding="UTF-8"?>
<coverage generated="1702547931929" clover="3.2.0">
  <project timestamp="1702547931929" name="All files">
    <metrics statements="31" coveredstatements="18" conditionals="2" coveredconditionals="1" methods="8" coveredmethods="5" elements="41" coveredelements="24" complexity="0" loc="31" ncloc="31" packages="2" files="3" classes="3"/>
    <package name="src">
      <metrics statements="4" coveredstatements="0" conditionals="0" coveredconditionals="0" methods="1" coveredmethods="0"/>
      <file name="App.js" path="/Users/muhammadmuttaki/Desktop/team-management/edit-page/src/App.js">
        <metrics statements="2" coveredstatements="0" conditionals="0" coveredconditionals="0" methods="1" coveredmethods="0"/>
        <line num="4" count="0" type="stmt"/>
        <line num="5" count="0" type="stmt"/>
      </file>
      <file name="index.js" path="/Users/muhammadmuttaki/Desktop/team-management/edit-page/src/index.js">
        <metrics statements="2" coveredstatements="0" conditionals="0" coveredconditionals="0" methods="0" coveredmethods="0"/>
        <line num="6" count="0" type="stmt"/>
        <line num="7" count="0" type="stmt"/>
      </file>
    </package>
    <package name="src.components">
      <metrics statements="27" coveredstatements="18" conditionals="2" coveredconditionals="1" methods="7" coveredmethods="5"/>
      <file name="EditPage.js" path="/Users/muhammadmuttaki/Desktop/team-management/edit-page/src/components/EditPage.js">
        <metrics statements="27" coveredstatements="18" conditionals="2" coveredconditionals="1" methods="7" coveredmethods="5"/>
        <line num="5" count="1" type="stmt"/>
        <line num="6" count="7" type="stmt"/>
        <line num="14" count="7" type="stmt"/>
        <line num="15" count="3" type="stmt"/>
        <line num="16" count="3" type="stmt"/>
        <line num="19" count="3" type="stmt"/>
        <line num="22" count="0" type="stmt"/>
        <line num="26" count="7" type="stmt"/>
        <line num="27" count="1" type="stmt"/>
        <line num="28" count="1" type="cond" truecount="1" falsecount="1"/>
        <line num="29" count="0" type="stmt"/>
        <line num="31" count="1" type="stmt"/>
        <line num="35" count="7" type="stmt"/>
        <line num="36" count="0" type="stmt"/>
        <line num="37" count="0" type="stmt"/>
        <line num="38" count="0" type="stmt"/>
        <line num="39" count="0" type="stmt"/>
        <line num="41" count="0" type="stmt"/>
        <line num="43" count="0" type="stmt"/>
        <line num="47" count="7" type="stmt"/>
        <line num="48" count="1" type="stmt"/>
        <line num="49" count="1" type="stmt"/>
        <line num="51" count="1" type="stmt"/>
        <line num="52" count="1" type="stmt"/>
        <line num="53" count="1" type="stmt"/>
        <line num="55" count="0" type="stmt"/>
        <line num="59" count="7" type="stmt"/>
      </file>
    </package>
  </project>
</coverage>
