{"/Users/muhammadmuttaki/Desktop/team-management/edit-page/src/App.js": {"path":"/Users/muhammadmuttaki/Desktop/team-management/edit-page/src/App.js","statementMap":{"0":{"start":{"line":4,"column":12},"end":{"line":10,"column":1}},"1":{"start":{"line":5,"column":2},"end":{"line":9,"column":4}}},"fnMap":{"0":{"name":"(anonymous_0)","decl":{"start":{"line":4,"column":12},"end":{"line":4,"column":13}},"loc":{"start":{"line":4,"column":18},"end":{"line":10,"column":1}},"line":4}},"branchMap":{},"s":{"0":0,"1":0},"f":{"0":0},"b":{}}
,"/Users/muhammadmuttaki/Desktop/team-management/edit-page/src/index.js": {"path":"/Users/muhammadmuttaki/Desktop/team-management/edit-page/src/index.js","statementMap":{"0":{"start":{"line":6,"column":13},"end":{"line":6,"column":65}},"1":{"start":{"line":7,"column":0},"end":{"line":11,"column":2}}},"fnMap":{},"branchMap":{},"s":{"0":0,"1":0},"f":{},"b":{}}
,"/Users/muhammadmuttaki/Desktop/team-management/edit-page/src/components/EditPage.js": {"path":"/Users/muhammadmuttaki/Desktop/team-management/edit-page/src/components/EditPage.js","statementMap":{"0":{"start":{"line":5,"column":17},"end":{"line":162,"column":1}},"1":{"start":{"line":6,"column":38},"end":{"line":12,"column":4}},"2":{"start":{"line":14,"column":2},"end":{"line":24,"column":9}},"3":{"start":{"line":15,"column":15},"end":{"line":15,"column":58}},"4":{"start":{"line":16,"column":4},"end":{"line":23,"column":9}},"5":{"start":{"line":19,"column":8},"end":{"line":19,"column":37}},"6":{"start":{"line":22,"column":8},"end":{"line":22,"column":63}},"7":{"start":{"line":26,"column":26},"end":{"line":33,"column":1}},"8":{"start":{"line":27,"column":32},"end":{"line":27,"column":40}},"9":{"start":{"line":28,"column":2},"end":{"line":32,"column":3}},"10":{"start":{"line":29,"column":4},"end":{"line":29,"column":50}},"11":{"start":{"line":31,"column":4},"end":{"line":31,"column":52}},"12":{"start":{"line":35,"column":21},"end":{"line":45,"column":3}},"13":{"start":{"line":36,"column":15},"end":{"line":36,"column":58}},"14":{"start":{"line":37,"column":19},"end":{"line":37,"column":74}},"15":{"start":{"line":38,"column":4},"end":{"line":44,"column":5}},"16":{"start":{"line":39,"column":23},"end":{"line":39,"column":58}},"17":{"start":{"line":41,"column":6},"end":{"line":41,"column":54}},"18":{"start":{"line":43,"column":6},"end":{"line":43,"column":51}},"19":{"start":{"line":47,"column":23},"end":{"line":57,"column":3}},"20":{"start":{"line":48,"column":15},"end":{"line":48,"column":58}},"21":{"start":{"line":49,"column":19},"end":{"line":49,"column":67}},"22":{"start":{"line":51,"column":4},"end":{"line":51,"column":52}},"23":{"start":{"line":52,"column":4},"end":{"line":56,"column":5}},"24":{"start":{"line":53,"column":23},"end":{"line":53,"column":49}},"25":{"start":{"line":55,"column":6},"end":{"line":55,"column":53}},"26":{"start":{"line":59,"column":2},"end":{"line":161,"column":4}}},"fnMap":{"0":{"name":"(anonymous_0)","decl":{"start":{"line":5,"column":17},"end":{"line":5,"column":18}},"loc":{"start":{"line":5,"column":23},"end":{"line":162,"column":1}},"line":5},"1":{"name":"(anonymous_1)","decl":{"start":{"line":14,"column":12},"end":{"line":14,"column":13}},"loc":{"start":{"line":14,"column":18},"end":{"line":24,"column":3}},"line":14},"2":{"name":"(anonymous_2)","decl":{"start":{"line":18,"column":12},"end":{"line":18,"column":13}},"loc":{"start":{"line":18,"column":26},"end":{"line":20,"column":7}},"line":18},"3":{"name":"(anonymous_3)","decl":{"start":{"line":21,"column":13},"end":{"line":21,"column":14}},"loc":{"start":{"line":21,"column":24},"end":{"line":23,"column":7}},"line":21},"4":{"name":"(anonymous_4)","decl":{"start":{"line":26,"column":26},"end":{"line":26,"column":27}},"loc":{"start":{"line":26,"column":33},"end":{"line":33,"column":1}},"line":26},"5":{"name":"(anonymous_5)","decl":{"start":{"line":35,"column":21},"end":{"line":35,"column":22}},"loc":{"start":{"line":35,"column":33},"end":{"line":45,"column":3}},"line":35},"6":{"name":"(anonymous_6)","decl":{"start":{"line":47,"column":23},"end":{"line":47,"column":24}},"loc":{"start":{"line":47,"column":35},"end":{"line":57,"column":3}},"line":47}},"branchMap":{"0":{"loc":{"start":{"line":28,"column":2},"end":{"line":32,"column":3}},"type":"if","locations":[{"start":{"line":28,"column":2},"end":{"line":32,"column":3}},{"start":{"line":30,"column":9},"end":{"line":32,"column":3}}],"line":28}},"s":{"0":1,"1":7,"2":7,"3":3,"4":3,"5":3,"6":0,"7":7,"8":1,"9":1,"10":0,"11":1,"12":7,"13":0,"14":0,"15":0,"16":0,"17":0,"18":0,"19":7,"20":1,"21":1,"22":1,"23":1,"24":1,"25":0,"26":7},"f":{"0":7,"1":3,"2":3,"3":0,"4":1,"5":0,"6":1},"b":{"0":[0,1]},"_coverageSchema":"1a1c01bbd47fc00a2c39e90264f33305004495a9","hash":"fc5c6cbabc345b36313b3c7fa3b7956fb7be8b1d"}
}
