{"/Users/muhammadmuttaki/Desktop/team-management/list-page/src/App.js": {"path":"/Users/muhammadmuttaki/Desktop/team-management/list-page/src/App.js","statementMap":{"0":{"start":{"line":3,"column":12},"end":{"line":9,"column":1}},"1":{"start":{"line":4,"column":2},"end":{"line":8,"column":4}}},"fnMap":{"0":{"name":"(anonymous_0)","decl":{"start":{"line":3,"column":12},"end":{"line":3,"column":13}},"loc":{"start":{"line":3,"column":18},"end":{"line":9,"column":1}},"line":3}},"branchMap":{},"s":{"0":0,"1":0},"f":{"0":0},"b":{}}
,"/Users/muhammadmuttaki/Desktop/team-management/list-page/src/index.js": {"path":"/Users/muhammadmuttaki/Desktop/team-management/list-page/src/index.js","statementMap":{"0":{"start":{"line":6,"column":13},"end":{"line":6,"column":65}},"1":{"start":{"line":7,"column":0},"end":{"line":9,"column":2}}},"fnMap":{},"branchMap":{},"s":{"0":0,"1":0},"f":{},"b":{}}
,"/Users/muhammadmuttaki/Desktop/team-management/list-page/src/components/ListPage.js": {"path":"/Users/muhammadmuttaki/Desktop/team-management/list-page/src/components/ListPage.js","statementMap":{"0":{"start":{"line":4,"column":17},"end":{"line":61,"column":1}},"1":{"start":{"line":5,"column":40},"end":{"line":5,"column":52}},"2":{"start":{"line":7,"column":2},"end":{"line":18,"column":9}},"3":{"start":{"line":8,"column":29},"end":{"line":15,"column":5}},"4":{"start":{"line":9,"column":6},"end":{"line":14,"column":7}},"5":{"start":{"line":10,"column":25},"end":{"line":10,"column":89}},"6":{"start":{"line":11,"column":8},"end":{"line":11,"column":38}},"7":{"start":{"line":13,"column":8},"end":{"line":13,"column":61}},"8":{"start":{"line":17,"column":4},"end":{"line":17,"column":23}},"9":{"start":{"line":20,"column":30},"end":{"line":22,"column":3}},"10":{"start":{"line":21,"column":3},"end":{"line":21,"column":51}},"11":{"start":{"line":24,"column":2},"end":{"line":60,"column":4}},"12":{"start":{"line":41,"column":12},"end":{"line":55,"column":18}}},"fnMap":{"0":{"name":"(anonymous_0)","decl":{"start":{"line":4,"column":17},"end":{"line":4,"column":18}},"loc":{"start":{"line":4,"column":23},"end":{"line":61,"column":1}},"line":4},"1":{"name":"(anonymous_1)","decl":{"start":{"line":7,"column":12},"end":{"line":7,"column":13}},"loc":{"start":{"line":7,"column":18},"end":{"line":18,"column":3}},"line":7},"2":{"name":"(anonymous_2)","decl":{"start":{"line":8,"column":29},"end":{"line":8,"column":30}},"loc":{"start":{"line":8,"column":41},"end":{"line":15,"column":5}},"line":8},"3":{"name":"(anonymous_3)","decl":{"start":{"line":20,"column":30},"end":{"line":20,"column":31}},"loc":{"start":{"line":20,"column":36},"end":{"line":22,"column":3}},"line":20},"4":{"name":"(anonymous_4)","decl":{"start":{"line":40,"column":27},"end":{"line":40,"column":28}},"loc":{"start":{"line":41,"column":12},"end":{"line":55,"column":18}},"line":41}},"branchMap":{"0":{"loc":{"start":{"line":50,"column":19},"end":{"line":50,"column":56}},"type":"binary-expr","locations":[{"start":{"line":50,"column":19},"end":{"line":50,"column":42}},{"start":{"line":50,"column":46},"end":{"line":50,"column":56}}],"line":50}},"s":{"0":1,"1":4,"2":3,"3":2,"4":2,"5":2,"6":2,"7":0,"8":2,"9":3,"10":1,"11":3,"12":3},"f":{"0":4,"1":2,"2":2,"3":1,"4":3},"b":{"0":[3,1]},"_coverageSchema":"1a1c01bbd47fc00a2c39e90264f33305004495a9","hash":"2a45be294e4f01d82f2f1abf5157a505df3dc821"}
}
