TN:
SF:src/App.js
FN:3,(anonymous_0)
FNF:1
FNH:0
FNDA:0,(anonymous_0)
DA:3,0
DA:4,0
LF:2
LH:0
BRF:0
BRH:0
end_of_record
TN:
SF:src/index.js
FNF:0
FNH:0
DA:6,0
DA:7,0
LF:2
LH:0
BRF:0
BRH:0
end_of_record
TN:
SF:src/components/ListPage.js
FN:4,(anonymous_0)
FN:7,(anonymous_1)
FN:8,(anonymous_2)
FN:20,(anonymous_3)
FN:40,(anonymous_4)
FNF:5
FNH:5
FNDA:4,(anonymous_0)
FNDA:2,(anonymous_1)
FNDA:2,(anonymous_2)
FNDA:1,(anonymous_3)
FNDA:3,(anonymous_4)
DA:4,1
DA:5,4
DA:7,3
DA:8,2
DA:9,2
DA:10,2
DA:11,2
DA:13,0
DA:17,2
DA:20,3
DA:21,1
DA:24,3
DA:41,3
LF:13
LH:12
BRDA:50,0,0,3
BRDA:50,0,1,1
BRF:2
BRH:2
end_of_record
